Loading the data ...
Loading Multi30k [MinLen:1;AvgLen:12;MaxLen:40]
downloading training.tar.gz
downloading validation.tar.gz
downloading mmt_task1_test2016.tar.gz
Number of training examples: 29000
Number of validation examples: 1014
Number of testing examples: 1000
Unique tokens in source (de) vocabulary: 3004
Unique tokens in target (en) vocabulary: 3004
Creating the Seq2Seq Model with Bahdanau attention
Coverage model (See et al. definition [P17-1099]) is also considered
Evaluation ....
Sample Inp't: eine person „ºberquert die stra„üe und meidet dabei die ausgelaufene farbe.
Sample Pred : a man in a man in a woman in a meidet.
Model Expc'd: a person crosses the street and <unk> the <unk> of paint .
Sample Act'l: a person crosses the street and avoids the spill of paint.
E 0 ::: Average Loss 2.581 ::: Average BleuP1 5.677
Evaluation ....
Sample Inp't: ein mann spielt keyboard und singt in ein mikrofon.
Sample Pred : a man in a man in a woman in a in.
Model Expc'd: a man playing a keyboard and singing into a microphone .
Sample Act'l: a man playing a keyboard and singing into a microphone.
E 0 ::: Average Loss 2.161 ::: Average BleuP1 5.895
Evaluation ....
Sample Inp't: bauarbeiter stehen auf einer maschine
Sample Pred : a man in a auf.
Model Expc'd: construction workers standing on top of a piece of machinery .
Sample Act'l: construction workers standing on top of a piece of machinery.
E 0 ::: Average Loss 1.581 ::: Average BleuP1 6.797
Evaluation ....
Sample Inp't: ein mann mit goldfarbener kleidung steht neben seinem goldfarbenen fahrrad.
Sample Pred : a man is playing a mann in a goldfarbener.
Model Expc'd: a man is wearing a gold outfit while standing with his gold bike .
Sample Act'l: a man is wearing a gold outfit while standing with his gold bike.
E 0 ::: Average Loss 2.237 ::: Average BleuP1 7.638
Evaluation ....
Sample Inp't: die skier befinden sich vor der h„ºtte.
Sample Pred : a group of people are standing on the street.
Model Expc'd: the skiers are in front of the <unk> .
Sample Act'l: the skiers are in front of the lodge.
E 0 ::: Average Loss 2.343 ::: Average BleuP1 8.749
Evaluation ....
Sample Inp't: ein brauner hund rennt dem schwarzen hund hinterher.
Sample Pred : a dog is running through the grass.
Model Expc'd: a brown dog is running after the black dog .
Sample Act'l: a brown dog is running after the black dog.
E 0 ::: Average Loss 2.486 ::: Average BleuP1 10.477
Evaluation ....
Sample Inp't: ein mann fotografiert wei„üe und gelbe tulpen.
Sample Pred : a man is holding a und and tulpen.
Model Expc'd: a man takes pictures of white and yellow <unk> .
Sample Act'l: a man takes pictures of white and yellow tulips.
E 0 ::: Average Loss 2.887 ::: Average BleuP1 11.787
Evaluation ....
Sample Inp't: ein gro„üer brauner hund h„§lt sein gesicht in den rasensprenger.
Sample Pred : a young dog is running through the air in the beach.
Model Expc'd: a large brown dog is sticking his face in the sprinkler .
Sample Act'l: a large brown dog is sticking his face in the sprinkler.
E 0 ::: Average Loss 3.119 ::: Average BleuP1 12.970
Evaluation ....
Sample Inp't: eine junge frau fertigt im regenwald teppiche an
Sample Pred : a young woman im in the an.
Model Expc'd: a young woman is making rugs in the rain forest
Sample Act'l: a young woman is making rugs in the rain forest
E 0 ::: Average Loss 3.007 ::: Average BleuP1 13.848
Evaluation ....
Sample Inp't: eine junge frau fertigt im regenwald teppiche an
Sample Pred : a young woman fertigt im in the im.
Model Expc'd: a young woman is making rugs in the rain forest
Sample Act'l: a young woman is making rugs in the rain forest
E 1 ::: Average Loss 2.768 ::: Average BleuP1 14.829
Evaluation ....
Sample Inp't: ein junger mann tr„§gt etwas in einem gro„üen schwarzen plastikm„ºllsack.
Sample Pred : a young man in a red shirt is schwarzen a gro„üen.
Model Expc'd: a young man is carrying something in a large black plastic garbage bag .
Sample Act'l: a young man is carrying something in a large black plastic garbage bag.
E 1 ::: Average Loss 3.818 ::: Average BleuP1 16.131
Evaluation ....
Sample Inp't: zwei m„§dchen gehen eine stra„üe entlang.
Sample Pred : two girls are walking down a street.
Model Expc'd: two girls walking down the street .
Sample Act'l: two girls walking down the street.
E 1 ::: Average Loss 3.161 ::: Average BleuP1 16.875
Evaluation ....
Sample Inp't: ein hund geht durch eine seichte wasseransammlung, die sich an einem felsigen berghang befindet.
Sample Pred : a dog is walking through a durch an felsigen to a felsigen felsigen.
Model Expc'd: a dog <unk> through a shallow area of water located on a rocky <unk> .
Sample Act'l: a dog treads through a shallow area of water located on a rocky mountainside.
E 1 ::: Average Loss 4.273 ::: Average BleuP1 17.149
Evaluation ....
Sample Inp't: ein kleines m„§dchen liegt auf dem boden, w„§hrend ihre j„ºngere schwester krankenschwester spielt.
Sample Pred : a little girl is laying on the ground while another spielt spielt.
Model Expc'd: a small girl is lying on the floor while her younger <unk> is <unk> to be a nurse .
Sample Act'l: a small girl is lying on the floor while her younger sister is pretending to be a nurse.
E 1 ::: Average Loss 3.129 ::: Average BleuP1 18.515
Evaluation ....
Sample Inp't: drei m„§nner gehen auf einer stra„üe in den bergen.
Sample Pred : three men are walking down a street in the street.
Model Expc'd: three men are walking on a road in the mountains .
Sample Act'l: three men are walking on a road in the mountains.
E 1 ::: Average Loss 4.395 ::: Average BleuP1 18.867
Evaluation ....
Sample Inp't: ein kleiner junge mit einem giants-trikot schwingt einen baseballschl„§ger in richtung eines ankommenden balls.
Sample Pred : a little boy with a schwingt is doing a eines in a eines.
Model Expc'd: a young boy wearing a <unk> jersey swings a baseball bat at an <unk> pitch .
Sample Act'l: a young boy wearing a giants jersey swings a baseball bat at an incoming pitch.
E 1 ::: Average Loss 3.108 ::: Average BleuP1 19.234
Evaluation ....
Sample Inp't: zwei hunde spielen im hohen gras mit einem orangen spielzeug.
Sample Pred : two dogs play in the grass with a toy toy.
Model Expc'd: two dogs play with an orange toy in tall grass .
Sample Act'l: two dogs play with an orange toy in tall grass.
E 1 ::: Average Loss 3.006 ::: Average BleuP1 19.502
Evaluation ....
Sample Inp't: der fedex-fahrer h„∂rt dem arbeiter mit dem gr„ºnen schutzhelm zu, w„§hrend die zu versendende ausr„ºstung eingeladen wird.
Sample Pred : the h„∂rt h„∂rt is h„∂rt the arbeiter with the green schutzhelm to be ausr„ºstung.
Model Expc'd: the <unk> driver listens to the workman in the green hard hat while the equipment to ship is being loaded .
Sample Act'l: the fedex driver listens to the workman in the green hard hat while the equipment to ship is being loaded.
E 1 ::: Average Loss 3.419 ::: Average BleuP1 20.279
Evaluation ....
Sample Inp't: bauarbeiter stehen auf einer maschine
Sample Pred : people are standing on a party.
Model Expc'd: construction workers standing on top of a piece of machinery .
Sample Act'l: construction workers standing on top of a piece of machinery.
E 2 ::: Average Loss 3.435 ::: Average BleuP1 21.921
Evaluation ....
Sample Inp't: ein mann telefoniert in einem unaufger„§umten b„ºro
Sample Pred : a man is sitting in a b„ºro.
Model Expc'd: a man in a cluttered office is using the telephone
Sample Act'l: a man in a cluttered office is using the telephone
E 2 ::: Average Loss 2.840 ::: Average BleuP1 22.002
Evaluation ....
Sample Inp't: ein gro„üer brauner hund h„§lt sein gesicht in den rasensprenger.
Sample Pred : a large brown dog is holding his face in the sand.
Model Expc'd: a large brown dog is sticking his face in the sprinkler .
Sample Act'l: a large brown dog is sticking his face in the sprinkler.
E 2 ::: Average Loss 2.932 ::: Average BleuP1 22.551
Evaluation ....
Sample Inp't: ein kind macht einen r„ºckw„§rtssalto, w„§hrend es auf einem trampolin h„ºpft.
Sample Pred : a child is taking a, while others watch on a trampoline.
Model Expc'd: a child is doing a back flip whilst jumping on a trampoline .
Sample Act'l: a child is doing a back flip whilst jumping on a trampoline.
E 2 ::: Average Loss 3.460 ::: Average BleuP1 23.176
Evaluation ....
Sample Inp't: drei menschen auf zwei gel„§ndemotorr„§dern und einem quad fahren durch braunes gras.
Sample Pred : three people on a gel„§ndemotorr„§dern and two bike riders on the grass.
Model Expc'd: three people on two dirt - bikes and one four - wheeler are riding through brown grass .
Sample Act'l: three people on two dirt-bikes and one four-wheeler are riding through brown grass.
E 2 ::: Average Loss 3.203 ::: Average BleuP1 23.307
Evaluation ....
Sample Inp't: eine band spielt auf einer freilichtb„ºhne am fluss.
Sample Pred : a band members playing a spielt on a river.
Model Expc'd: a band playing in an outdoor theater , along the river .
Sample Act'l: a band playing in an outdoor theater, along the river.
E 2 ::: Average Loss 2.980 ::: Average BleuP1 23.426
Evaluation ....
Sample Inp't: ein mann mit goldfarbener kleidung steht neben seinem goldfarbenen fahrrad.
Sample Pred : a man with kleidung clothing is standing next to his bike.
Model Expc'd: a man is wearing a gold outfit while standing with his gold bike .
Sample Act'l: a man is wearing a gold outfit while standing with his gold bike.
E 2 ::: Average Loss 3.264 ::: Average BleuP1 24.492
Evaluation ....
Sample Inp't: ein brauner hund rennt dem schwarzen hund hinterher.
Sample Pred : a brown dog runs along the black dog.
Model Expc'd: a brown dog is running after the black dog .
Sample Act'l: a brown dog is running after the black dog.
E 2 ::: Average Loss 2.403 ::: Average BleuP1 24.743
Evaluation ....
Sample Inp't: ein mann mit anzug und brille h„§lt einen gegenstand in den h„§nden.
Sample Pred : a man with a suit and glasses is holding a in into the water.
Model Expc'd: a man in a suit and glass has an object in his hands .
Sample Act'l: a man in a suit and glass has an object in his hands.
E 2 ::: Average Loss 2.771 ::: Average BleuP1 25.307
Evaluation ....
Sample Inp't: viele st„ºhle sind leer und nur einige wenige menschen genie„üen die sonne.
Sample Pred : many st„ºhle are gathered and einige on the sun, while others watch.
Model Expc'd: many of the chairs are empty with only a few people enjoying the sun .
Sample Act'l: many of the chairs are empty with only a few people enjoying the sun.
E 3 ::: Average Loss 3.825 ::: Average BleuP1 25.296
Evaluation ....
Sample Inp't: eine band gibt ein rockkonzert vor zuschauern in einer bar.
Sample Pred : a band is taking a ein in front of a bar.
Model Expc'd: a band plays a rock show to a bar audience .
Sample Act'l: a band plays a rock show to a bar audience.
E 3 ::: Average Loss 2.841 ::: Average BleuP1 25.649
Evaluation ....
Sample Inp't: eine vierk„∂pfige band hat einen auftritt.
Sample Pred : a female band is performing a dance.
Model Expc'd: a band of four playing a <unk> .
Sample Act'l: a band of four playing a gig.
E 3 ::: Average Loss 2.739 ::: Average BleuP1 26.489
Evaluation ....
Sample Inp't: ein brauner hund rennt dem schwarzen hund hinterher.
Sample Pred : a brown dog runs through the black dog.
Model Expc'd: a brown dog is running after the black dog .
Sample Act'l: a brown dog is running after the black dog.
E 3 ::: Average Loss 3.276 ::: Average BleuP1 26.299
Epoch    31: reducing learning rate of group 0 to 9.0000e-04.
Evaluation ....
Sample Inp't: ein brauner hund rennt dem schwarzen hund hinterher.
Sample Pred : a brown dog runs through black dog.
Model Expc'd: a brown dog is running after the black dog .
Sample Act'l: a brown dog is running after the black dog.
E 3 ::: Average Loss 2.587 ::: Average BleuP1 26.515
Evaluation ....
Sample Inp't: ein „§lterer mann geht mit einem braunen hund an einer roten leine spazieren.
Sample Pred : an older man walking with a brown dog on a red leash.
Model Expc'd: an elderly man is walking a brown dog using a red leash .
Sample Act'l: an elderly man is walking a brown dog using a red leash.
E 3 ::: Average Loss 3.153 ::: Average BleuP1 26.484
Evaluation ....
Sample Inp't: eine person „ºberquert die stra„üe und meidet dabei die ausgelaufene farbe.
Sample Pred : a person is crossing the street and dabei the farbe.
Model Expc'd: a person crosses the street and <unk> the <unk> of paint .
Sample Act'l: a person crosses the street and avoids the spill of paint.
E 3 ::: Average Loss 2.718 ::: Average BleuP1 27.366
Evaluation ....
Sample Inp't: eine person „ºberquert die stra„üe und meidet dabei die ausgelaufene farbe.
Sample Pred : a person is crossing the street and dabei the farbe.
Model Expc'd: a person crosses the street and <unk> the <unk> of paint .
Sample Act'l: a person crosses the street and avoids the spill of paint.
E 3 ::: Average Loss 2.680 ::: Average BleuP1 27.479
Evaluation ....
Sample Inp't: ein junge mit kopfh„∂rern sitzt auf den schultern einer frau.
Sample Pred : a boy with a brown hair sits on the shoulders of a woman.
Model Expc'd: a boy wearing headphones sits on a woman 's shoulders .
Sample Act'l: a boy wearing headphones sits on a woman's shoulders.
E 3 ::: Average Loss 3.095 ::: Average BleuP1 27.646
Evaluation ....
Sample Inp't: ein mann in einem klettergurt klettert an einer felswand
Sample Pred : a man in a klettert climbs climbs a rock wall.
Model Expc'd: a man in a harness climbing a rock wall
Sample Act'l: a man in a harness climbing a rock wall
E 4 ::: Average Loss 2.796 ::: Average BleuP1 27.517
Evaluation ....
Sample Inp't: ein mann telefoniert in einem unaufger„§umten b„ºro
Sample Pred : a man is talking on a b„ºro.
Model Expc'd: a man in a cluttered office is using the telephone
Sample Act'l: a man in a cluttered office is using the telephone
E 4 ::: Average Loss 2.563 ::: Average BleuP1 27.781
Evaluation ....
Sample Inp't: eine frau spielt ein lied auf ihrer geige.
Sample Pred : a woman is playing a song on her violin.
Model Expc'd: a female playing a song on her violin .
Sample Act'l: a female playing a song on her violin.
E 4 ::: Average Loss 2.672 ::: Average BleuP1 28.657
Evaluation ....
Sample Inp't: ein kleines m„§dchen steht drau„üen in einer pf„ºtze.
Sample Pred : a little girl is standing outside in a puddle.
Model Expc'd: a little girl stands in a puddle outside .
Sample Act'l: a little girl stands in a puddle outside.
E 4 ::: Average Loss 3.018 ::: Average BleuP1 28.286
Epoch    40: reducing learning rate of group 0 to 8.1000e-04.
Evaluation ....
Sample Inp't: ein mann in einem schwarzen neoprenanzug surft auf einer welle.
Sample Pred : a man in a black wetsuit surfs surfing on a wave.
Model Expc'd: a man in a black wetsuit is surfing on a wave .
Sample Act'l: a man in a black wetsuit is surfing on a wave.
E 4 ::: Average Loss 2.633 ::: Average BleuP1 27.941
Evaluation ....
Sample Inp't: ein mann schl„§ft in einem gr„ºnen raum auf einem sofa.
Sample Pred : a man sleeping on a couch in a green room.
Model Expc'd: a man sleeping in a green room on a couch .
Sample Act'l: a man sleeping in a green room on a couch.
E 4 ::: Average Loss 2.328 ::: Average BleuP1 28.155
Evaluation ....
Sample Inp't: eine bunt gekleidete frau geht an einem wei„üen lastwagen vorbei, der mit flaschen gef„ºllt ist.
Sample Pred : a woman dressed in a walk past a white truck with her eyes closed.
Model Expc'd: a woman in a colorful outfit is walking by a white truck filled with bottles .
Sample Act'l: a woman in a colorful outfit is walking by a white truck filled with bottles.
E 4 ::: Average Loss 2.457 ::: Average BleuP1 28.659
Evaluation ....
Sample Inp't: ein blonder junge in einem blauen t-shirt steht l„§chelnd vor einem boot aus gr„ºnem nylongewebe.
Sample Pred : a blond boy in a blue t - shirt stands in front of a boat made of green gr„ºnem.
Model Expc'd: a blond boy in a blue t - shirt stands smiling before a craft of green <unk> fabric .
Sample Act'l: a blond boy in a blue t-shirt stands smiling before a craft of green nylon fabric.
E 4 ::: Average Loss 3.435 ::: Average BleuP1 28.940
Evaluation ....
Sample Inp't: eine person auf einem schneemobil mitten im sprung.
Sample Pred : a person on a mitten in the middle of a jump.
Model Expc'd: a person on a <unk> in mid jump .
Sample Act'l: a person on a snowmobile in mid jump.
E 4 ::: Average Loss 2.527 ::: Average BleuP1 29.003
Evaluation ....
Sample Inp't: eine frau mit einer domino-maske und streng frisiertem haar auf einer party.
Sample Pred : a woman with a und and frisiertem haar hair is auf on a party.
Model Expc'd: a woman in a <unk> mask and <unk> hair is at a party .
Sample Act'l: a woman in a domino mask and severe hair is at a party.
E 5 ::: Average Loss 2.499 ::: Average BleuP1 29.769
Epoch    46: reducing learning rate of group 0 to 7.2900e-04.
Evaluation ....
Sample Inp't: kind spielt auf einem spielplatz und h„§ngt dabei an stangen.
Sample Pred : a child plays on a playground hanging upside down.
Model Expc'd: child playing on a playground , hanging from bars .
Sample Act'l: child playing on a playground, hanging from bars.
E 5 ::: Average Loss 2.875 ::: Average BleuP1 29.170
Evaluation ....
Sample Inp't: ein frau in einer rosafarbenen bluse zeigt einem mann in einem gestreiften pullover, wie eine handarbeit aus garn hergestellt wird.
Sample Pred : a woman in a pink shirt points to a man in a striped sweater is wie a aus out of garn.
Model Expc'd: a woman wearing a pink shirt showing a man with a striped sweater how to do some work with yarn .
Sample Act'l: a woman wearing a pink shirt showing a man with a striped sweater how to do some work with yarn.
E 5 ::: Average Loss 3.110 ::: Average BleuP1 29.260
Evaluation ....
Sample Inp't: drei kleine hunde schn„ºffeln an etwas.
Sample Pred : three small dogs are etwas something.
Model Expc'd: three small dogs <unk> at something .
Sample Act'l: three small dogs sniff at something.
E 5 ::: Average Loss 2.454 ::: Average BleuP1 28.862
Evaluation ....
Sample Inp't: ein kleines m„§dchen spendet an einer ladenfront mit wei„üen plastikbeh„§ltern f„ºr die heilsarmee.
Sample Pred : a little girl is an f„ºr for a white mit with white f„ºr for the f„ºr.
Model Expc'd: a little girl <unk> to the <unk> army near a storefront with white , plastic <unk> .
Sample Act'l: a little girl donates to the salvation army near a storefront with white, plastic containers.
E 5 ::: Average Loss 2.559 ::: Average BleuP1 29.620
Evaluation ....
Sample Inp't: eine person in einem lilafarbenen oberteil malt ein bild von einer frau auf eine wei„üe wand.
Sample Pred : a person in a purple shirt painting a picture of a woman on a white wall.
Model Expc'd: a person with a purple shirt is painting an image of a woman on a white wall .
Sample Act'l: a person with a purple shirt is painting an image of a woman on a white wall.
E 5 ::: Average Loss 2.652 ::: Average BleuP1 29.233
Evaluation ....
Sample Inp't: ein hund geht mit einem tuch im maul durch einen kleinen bach.
Sample Pred : a dog walks through a small with a grassy area in its mouth.
Model Expc'd: a dog walking through a small stream with a rag in his mouth .
Sample Act'l: a dog walking through a small stream with a rag in his mouth.
E 5 ::: Average Loss 2.955 ::: Average BleuP1 29.280
Epoch    52: reducing learning rate of group 0 to 6.5610e-04.
Evaluation ....
Sample Inp't: ein kleiner junge wirft einen stein in ruhiges wasser.
Sample Pred : a little boy throws a rock into murky water.
Model Expc'd: a young boy , throwing a stone into calm water .
Sample Act'l: a young boy, throwing a stone into calm water.
E 5 ::: Average Loss 2.693 ::: Average BleuP1 29.610
Evaluation ....
Sample Inp't: ein mann und eine frau sitzen einander gegen„ºber an einem restauranttisch.
Sample Pred : a man and woman sit each other at a einem.
Model Expc'd: a man and woman sit across from each other at a restaurant table .
Sample Act'l: a man and woman sit across from each other at a restaurant table.
E 5 ::: Average Loss 2.470 ::: Average BleuP1 29.679
Evaluation ....
Sample Inp't: baby sieht sich die bl„§tter am zweig eines baumes an.
Sample Pred : a baby is looking at the am of a tree.
Model Expc'd: baby looking at the leaves on a branch of a tree .
Sample Act'l: baby looking at the leaves on a branch of a tree.
E 6 ::: Average Loss 2.714 ::: Average BleuP1 30.378
Evaluation ....
Sample Inp't: m„§nner in blauer spielkleidung sitzen in einem bus.
Sample Pred : men in blue uniforms sit on a bus.
Model Expc'd: men wearing blue uniforms sit on a bus .
Sample Act'l: men wearing blue uniforms sit on a bus.
E 6 ::: Average Loss 2.859 ::: Average BleuP1 29.601
Evaluation ....
Sample Inp't: ein kind macht sich bereit, ein buch zu lesen.
Sample Pred : a child getting ready to be a book.
Model Expc'd: a child is getting ready to read a book .
Sample Act'l: a child is getting ready to read a book.
E 6 ::: Average Loss 2.555 ::: Average BleuP1 29.723
Evaluation ....
Sample Inp't: ein kind macht einen r„ºckw„§rtssalto, w„§hrend es auf einem trampolin h„ºpft.
Sample Pred : a child is doing a w„§hrend while spectators on a trampoline.
Model Expc'd: a child is doing a back flip whilst jumping on a trampoline .
Sample Act'l: a child is doing a back flip whilst jumping on a trampoline.
E 6 ::: Average Loss 2.766 ::: Average BleuP1 30.030
Evaluation ....
Sample Inp't: ein mann und eine frau sitzen einander gegen„ºber an einem restauranttisch.
Sample Pred : a man and a woman are sitting on each other in a einem.
Model Expc'd: a man and woman sit across from each other at a restaurant table .
Sample Act'l: a man and woman sit across from each other at a restaurant table.
E 6 ::: Average Loss 2.685 ::: Average BleuP1 29.771
Evaluation ....
Sample Inp't: eine frau in einem rotem mantel, die eine vermutlich aus asien stammende handtasche in einem blauen farbton h„§lt, springt f„ºr einen schnappschuss in die luft.
Sample Pred : a woman in a red coat, asien a handtasche in a blue and white springt, jumping for a einen in the air.
Model Expc'd: a lady in a red coat , holding a <unk> hand bag <unk> of asian descent , jumping off the ground for a <unk> .
Sample Act'l: a lady in a red coat, holding a bluish hand bag likely of asian descent, jumping off the ground for a snapshot.
E 6 ::: Average Loss 2.540 ::: Average BleuP1 30.193
Evaluation ....
Sample Inp't: eine person „ºberquert die stra„üe und meidet dabei die ausgelaufene farbe.
Sample Pred : a person is crossing the street and dabei the dabei.
Model Expc'd: a person crosses the street and <unk> the <unk> of paint .
Sample Act'l: a person crosses the street and avoids the spill of paint.
E 6 ::: Average Loss 2.713 ::: Average BleuP1 30.123
Epoch    61: reducing learning rate of group 0 to 5.9049e-04.
Evaluation ....
Sample Inp't: ein traktor bewegt erde f„ºr den bau einer st„ºtzmauer.
Sample Pred : a tractor bewegt for the bau of a einer.
Model Expc'd: a tractor is moving dirt to help <unk> up a <unk> wall .
Sample Act'l: a tractor is moving dirt to help build up a retaining wall.
E 6 ::: Average Loss 2.461 ::: Average BleuP1 30.166
Evaluation ....
Sample Inp't: eine frau sitzt an einer dunklen bar.
Sample Pred : a woman is sitting at a dark bar.
Model Expc'd: a woman sits at a dark bar .
Sample Act'l: a woman sits at a dark bar.
E 6 ::: Average Loss 2.462 ::: Average BleuP1 30.328
Evaluation ....
Sample Inp't: eine person auf einem schneemobil mitten im sprung.
Sample Pred : a person on a mitten in midair.
Model Expc'd: a person on a <unk> in mid jump .
Sample Act'l: a person on a snowmobile in mid jump.
E 7 ::: Average Loss 2.712 ::: Average BleuP1 30.737
Evaluation ....
Sample Inp't: drei frauen sitzen mit einem baby auf einer decke auf dem boden, unterhalten sich und haben spa„ü zusammen.
Sample Pred : three women sitting on a blanket with a baby, talking to each other and having fun.
Model Expc'd: three women are sitting on a blanket on the ground with a baby , and are talking and having a good time .
Sample Act'l: three women are sitting on a blanket on the ground with a baby, and are talking and having a good time.
E 7 ::: Average Loss 2.686 ::: Average BleuP1 30.181
Evaluation ....
Sample Inp't: ein hund geht mit einem tuch im maul durch einen kleinen bach.
Sample Pred : a dog walks through a small dog with a cloth in its mouth.
Model Expc'd: a dog walking through a small stream with a rag in his mouth .
Sample Act'l: a dog walking through a small stream with a rag in his mouth.
E 7 ::: Average Loss 2.708 ::: Average BleuP1 30.378
Evaluation ....
Sample Inp't: eine junge frau und eine „§ltere frau in traditionellen saris spinnen textilien, w„§hrend drei weitere personen in moderner kleidung nur von der taille abw„§rts auf dem bild zu sehen sind.
Sample Pred : a young woman and older woman in traditional saris w„§hrend, personen, personen, weitere, personen, personen, personen, von, von on the picture. sehen eine eine eine eine eine eine eine eine eine eine eine eine eine eine eine eine eine eine eine eine eine eine eine eine
Model Expc'd: a young woman and older woman wear traditional saris as they <unk> <unk> , three people are <unk> at only the <unk> , and wear modern clothes .
Sample Act'l: a young woman and older woman wear traditional saris as they spin textiles, three people are pictured at only the waists, and wear modern clothes.
E 7 ::: Average Loss 2.654 ::: Average BleuP1 30.707
Epoch    67: reducing learning rate of group 0 to 5.3144e-04.
Evaluation ....
Sample Inp't: mehrere kinder heben die h„§nde, w„§hrend sie auf einem bunten teppich in einem klassenzimmer sitzen.
Sample Pred : several children raise their hands while sitting on a colorful rug in a classroom.
Model Expc'd: several children are raising their hands while sitting on a colorful rug in a classroom .
Sample Act'l: several children are raising their hands while sitting on a colorful rug in a classroom.
E 7 ::: Average Loss 2.536 ::: Average BleuP1 30.922
Evaluation ....
Sample Inp't: zwei m„§nner paddeln in einem kajak einen fluss mit gr„ºnen b„§umen auf beiden seiten entlang.
Sample Pred : two men are paddling a river with green trees on either side of them.
Model Expc'd: two man are paddling a kayak along a river with green trees on either side .
Sample Act'l: two man are paddling a kayak along a river with green trees on either side.
E 7 ::: Average Loss 2.495 ::: Average BleuP1 30.719
Evaluation ....
Sample Inp't: zwei weibliche teenager halten eine karte, auf der es um punkte geht, und l„§cheln.
Sample Pred : two female teenagers holding a map that says around, and smiling.
Model Expc'd: two teenage girls hold a card <unk> to <unk> as they smile .
Sample Act'l: two teenage girls hold a card referring to periods as they smile.
E 7 ::: Average Loss 2.449 ::: Average BleuP1 30.464
Evaluation ....
Sample Inp't: drei m„§nner gehen auf einer stra„üe in den bergen.
Sample Pred : three men walking down the street on a city street.
Model Expc'd: three men are walking on a road in the mountains .
Sample Act'l: three men are walking on a road in the mountains.
E 7 ::: Average Loss 2.801 ::: Average BleuP1 30.765
Evaluation ....
Sample Inp't: ein junge mit kopfh„∂rern sitzt auf den schultern einer frau.
Sample Pred : a boy with headphones is sitting on the shoulders of a woman.
Model Expc'd: a boy wearing headphones sits on a woman 's shoulders .
Sample Act'l: a boy wearing headphones sits on a woman's shoulders.
E 7 ::: Average Loss 2.662 ::: Average BleuP1 31.094
Evaluation ....
Sample Inp't: eine gruppe von m„§nnern l„§dt baumwolle auf einen lastwagen
Sample Pred : a group of men loading lastwagen on a truck.
Model Expc'd: a group of men are loading cotton onto a truck
Sample Act'l: a group of men are loading cotton onto a truck
E 8 ::: Average Loss 2.495 ::: Average BleuP1 30.518
Epoch    73: reducing learning rate of group 0 to 4.7830e-04.
Evaluation ....
Sample Inp't: eine person wirft gerade eine gr„ºne bowlingkugel eine bowlingbahn entlang.
Sample Pred : a person throws a green bowling ball down a bowling alley.
Model Expc'd: a person about in the middle of throwing a green bowling ball down a bowling lane .
Sample Act'l: a person about in the middle of throwing a green bowling ball down a bowling lane.
E 8 ::: Average Loss 2.598 ::: Average BleuP1 31.104
Evaluation ....
Sample Inp't: ein mann in einem klettergurt klettert an einer felswand
Sample Pred : a man in a klettert suit climbs a rock wall.
Model Expc'd: a man in a harness climbing a rock wall
Sample Act'l: a man in a harness climbing a rock wall
E 8 ::: Average Loss 2.610 ::: Average BleuP1 30.617
Evaluation ....
Sample Inp't: ein braun gekleideter mann h„§lt ein lichtschwert.
Sample Pred : a man dressed in brown is holding a ein.
Model Expc'd: a man dressed in brown holding a light <unk> .
Sample Act'l: a man dressed in brown holding a light saber.
E 8 ::: Average Loss 2.614 ::: Average BleuP1 31.034
Evaluation ....
Sample Inp't: bauarbeiter stehen auf einer maschine
Sample Pred : construction workers are standing on a machine.
Model Expc'd: construction workers standing on top of a piece of machinery .
Sample Act'l: construction workers standing on top of a piece of machinery.
E 8 ::: Average Loss 2.587 ::: Average BleuP1 30.612
Evaluation ....
Sample Inp't: ein schwarz gekleideter junge schl„§gt ein rad am strand.
Sample Pred : a boy in black is swinging a cartwheel on the beach.
Model Expc'd: a boy in black clothes is doing a cartwheel on the beach .
Sample Act'l: a boy in black clothes is doing a cartwheel on the beach.
E 8 ::: Average Loss 2.644 ::: Average BleuP1 30.708
Evaluation ....
Sample Inp't: ein mann telefoniert in einem unaufger„§umten b„ºro
Sample Pred : a man is talking on a b„ºro in a b„ºro.
Model Expc'd: a man in a cluttered office is using the telephone
Sample Act'l: a man in a cluttered office is using the telephone
E 8 ::: Average Loss 2.750 ::: Average BleuP1 30.597
Epoch    79: reducing learning rate of group 0 to 4.3047e-04.
Evaluation ....
Sample Inp't: zwei m„§nner beim milit„§r spielen baseball.
Sample Pred : two men are playing baseball game.
Model Expc'd: two men in the military are playing baseball .
Sample Act'l: two men in the military are playing baseball.
E 8 ::: Average Loss 2.503 ::: Average BleuP1 30.870
Evaluation ....
Sample Inp't: eine frau sitzt bei ihrem trockenblumensortiment auf einem freiluftmarkt.
Sample Pred : a woman sits on her ihrem at a einem.
Model Expc'd: a woman is sitting by her <unk> flower display at an outside market .
Sample Act'l: a woman is sitting by her dried flower display at an outside market.
E 8 ::: Average Loss 2.820 ::: Average BleuP1 30.540
Evaluation ....
Sample Inp't: eine junge frau fertigt im regenwald teppiche an
Sample Pred : a young woman fertigt in the teppiche teppiche.
Model Expc'd: a young woman is making rugs in the rain forest
Sample Act'l: a young woman is making rugs in the rain forest
E 9 ::: Average Loss 2.729 ::: Average BleuP1 31.286
Evaluation ....
Sample Inp't: kinder fahren in einem kettenkarussell
Sample Pred : children are riding in a einem park.
Model Expc'd: kids are riding a swinging carnival ride
Sample Act'l: kids are riding a swinging carnival ride
E 9 ::: Average Loss 2.491 ::: Average BleuP1 31.109
Evaluation ....
Sample Inp't: junge erwachsene in einer geraden linie, die rote, gelbe und schwarze t-shirts tragen, f„ºhren einen sketch auf.
Sample Pred : young adults wearing red and yellow line, black t - shirts, black t - shirt, performing a auf.
Model Expc'd: young adults wearing red , yellow , and black shirts in a straight line perform a <unk> .
Sample Act'l: young adults wearing red, yellow, and black shirts in a straight line perform a sketch.
E 9 ::: Average Loss 2.419 ::: Average BleuP1 31.275
Evaluation ....
Sample Inp't: menschen gehen auf einem gehweg, an dem ein freiluftmarkt stattfindet.
Sample Pred : people walking on a sidewalk where a ein dem.
Model Expc'd: people are walking down a sidewalk where there is an outdoors market .
Sample Act'l: people are walking down a sidewalk where there is an outdoors market.
E 9 ::: Average Loss 2.605 ::: Average BleuP1 31.451
Epoch    85: reducing learning rate of group 0 to 3.8742e-04.
Evaluation ....
Sample Inp't: mann und junge spielen bei sonnenuntergang mit einem hund am strand.
Sample Pred : man and young boys play with a dog on the beach.
Model Expc'd: man and boy play with dog at sunset on a beach .
Sample Act'l: man and boy play with dog at sunset on a beach.
E 9 ::: Average Loss 2.606 ::: Average BleuP1 30.968
Evaluation ....
Sample Inp't: zwei m„§nner paddeln in einem kajak einen fluss mit gr„ºnen b„§umen auf beiden seiten entlang.
Sample Pred : two men are paddling down a river with green trees in front of a mit.
Model Expc'd: two man are paddling a kayak along a river with green trees on either side .
Sample Act'l: two man are paddling a kayak along a river with green trees on either side.
E 9 ::: Average Loss 2.644 ::: Average BleuP1 31.254
Evaluation ....
Sample Inp't: ein kleiner junge mit einem giants-trikot schwingt einen baseballschl„§ger in richtung eines ankommenden balls.
Sample Pred : a little boy with a baseball bat swings a baseball bat towards a baseball field.
Model Expc'd: a young boy wearing a <unk> jersey swings a baseball bat at an <unk> pitch .
Sample Act'l: a young boy wearing a giants jersey swings a baseball bat at an incoming pitch.
E 9 ::: Average Loss 2.474 ::: Average BleuP1 30.935
Evaluation ....
Sample Inp't: jungen und m„§dchen aus einem „∂stlichen land l„§cheln auf einem feld.
Sample Pred : young boys and girl from a land - haired smile smile in a field.
Model Expc'd: boys and girls from an eastern <unk> smiling in a field .
Sample Act'l: boys and girls from an eastern nation smiling in a field.
E 9 ::: Average Loss 2.635 ::: Average BleuP1 31.198
Evaluation ....
Sample Inp't: eine person beim parasailing auf einem wellenkamm.
Sample Pred : a person is riding a einem on a einem.
Model Expc'd: a person <unk> on the crest of a wave .
Sample Act'l: a person parasails on the crest of a wave.
E 9 ::: Average Loss 2.700 ::: Average BleuP1 30.961
Evaluation ....
Sample Inp't: ein mann mit goldfarbener kleidung steht neben seinem goldfarbenen fahrrad.
Sample Pred : a man with his kleidung is standing next to his bike.
Model Expc'd: a man is wearing a gold outfit while standing with his gold bike .
Sample Act'l: a man is wearing a gold outfit while standing with his gold bike.
E 10 ::: Average Loss 2.572 ::: Average BleuP1 31.231
Epoch    91: reducing learning rate of group 0 to 3.4868e-04.
Evaluation ....
Sample Inp't: ein junger wei„üer mann fegt eine veranda mit einem gro„üen besen.
Sample Pred : a young white man sweeping a porch with a large broom.
Model Expc'd: a young white male is sweeping a porch with a large broom .
Sample Act'l: a young white male is sweeping a porch with a large broom.
E 10 ::: Average Loss 2.579 ::: Average BleuP1 30.821
Evaluation ....
Sample Inp't: ein blonder junge in einem blauen t-shirt steht l„§chelnd vor einem boot aus gr„ºnem nylongewebe.
Sample Pred : a blond - haired boy in a blue t - shirt is standing in front of a boat named green gr„ºnem.
Model Expc'd: a blond boy in a blue t - shirt stands smiling before a craft of green <unk> fabric .
Sample Act'l: a blond boy in a blue t-shirt stands smiling before a craft of green nylon fabric.
E 10 ::: Average Loss 2.364 ::: Average BleuP1 31.393
Evaluation ....
Sample Inp't: ein kleiner junge wirft einen stein in ruhiges wasser.
Sample Pred : a young boy throwing a rock into murky water.
Model Expc'd: a young boy , throwing a stone into calm water .
Sample Act'l: a young boy, throwing a stone into calm water.
E 10 ::: Average Loss 2.565 ::: Average BleuP1 31.443
Evaluation ....
Sample Inp't: eine person mit hut und schal blickt nach rechts.
Sample Pred : a person in a hat and scarf looks down.
Model Expc'd: a person wearing a hat and scarf looks to the right .
Sample Act'l: a person wearing a hat and scarf looks to the right.
E 10 ::: Average Loss 2.718 ::: Average BleuP1 31.290
Evaluation ....
Sample Inp't: eine frau spielt ein lied auf ihrer geige.
Sample Pred : a woman is playing a song on her violin.
Model Expc'd: a female playing a song on her violin .
Sample Act'l: a female playing a song on her violin.
E 10 ::: Average Loss 2.584 ::: Average BleuP1 30.757
Evaluation ....
Sample Inp't: ein mann telefoniert in einem unaufger„§umten b„ºro
Sample Pred : a man is talking on a einem in a b„ºro.
Model Expc'd: a man in a cluttered office is using the telephone
Sample Act'l: a man in a cluttered office is using the telephone
E 10 ::: Average Loss 2.609 ::: Average BleuP1 30.848
Epoch    97: reducing learning rate of group 0 to 3.1381e-04.
Evaluation ....
Sample Inp't: eine gruppe schottischer offiziere gibt eine vorf„ºhrung.
Sample Pred : a group of offiziere gibt a group of people.
Model Expc'd: a group of <unk> officers doing a demonstration .
Sample Act'l: a group of scottish officers doing a demonstration.
E 10 ::: Average Loss 2.683 ::: Average BleuP1 31.531
Evaluation ....
Sample Inp't: strandbesucher blicken auf ein herz, das von einem himmelsschreiber am himmel hinterlassen wurde.
Sample Pred : blicken looking at a von von by a cloudy sky.
Model Expc'd: beach <unk> look at a heart left in the sky by a sky <unk> .
Sample Act'l: beach goers look at a heart left in the sky by a sky writer.
E 10 ::: Average Loss 2.689 ::: Average BleuP1 31.552
Evaluation ....
Sample Inp't: zwei m„§nner beim milit„§r spielen baseball.
Sample Pred : two men are playing baseball game.
Model Expc'd: two men in the military are playing baseball .
Sample Act'l: two men in the military are playing baseball.
E 11 ::: Average Loss 2.607 ::: Average BleuP1 31.444
Evaluation ....
Sample Inp't: ein blonder junge in einem blauen t-shirt steht l„§chelnd vor einem boot aus gr„ºnem nylongewebe.
Sample Pred : a blond - haired boy in a blue t - shirt stands in front of a boat named green aus.
Model Expc'd: a blond boy in a blue t - shirt stands smiling before a craft of green <unk> fabric .
Sample Act'l: a blond boy in a blue t-shirt stands smiling before a craft of green nylon fabric.
E 11 ::: Average Loss 2.512 ::: Average BleuP1 31.454
Evaluation ....
Sample Inp't: zwei frauen stehen vor einer schulklasse und sprechen „ºber ein buch.
Sample Pred : two women stand in front of a einer sprechen talking to a book.
Model Expc'd: two women are standing in front of a class of children talking about a book .
Sample Act'l: two women are standing in front of a class of children talking about a book.
E 11 ::: Average Loss 2.599 ::: Average BleuP1 31.691
Evaluation ....
Sample Inp't: mann sieht einer frau in einer bar beim sprechen zu.
Sample Pred : man in a bar while a woman in a bar.
Model Expc'd: man looks on as woman is talking while at a bar .
Sample Act'l: man looks on as woman is talking while at a bar.
E 11 ::: Average Loss 2.599 ::: Average BleuP1 31.049
Epoch   103: reducing learning rate of group 0 to 2.8243e-04.
Evaluation ....
Sample Inp't: eine gruppe von kindern sa„ü herum und spielte auf ihren instrumenten.
Sample Pred : a group of children are lounging around and ihren their instruments.
Model Expc'd: a group of kids <unk> around and played their instruments .
Sample Act'l: a group of kids sat around and played their instruments.
E 11 ::: Average Loss 2.618 ::: Average BleuP1 31.450
Evaluation ....
Sample Inp't: eine frau sitzt bei ihrem trockenblumensortiment auf einem freiluftmarkt.
Sample Pred : a woman is sitting at a einem ihrem at her ihrem.
Model Expc'd: a woman is sitting by her <unk> flower display at an outside market .
Sample Act'l: a woman is sitting by her dried flower display at an outside market.
E 11 ::: Average Loss 2.638 ::: Average BleuP1 31.235
Evaluation ....
Sample Inp't: zwei bauarbeiter helfen beim beladen eines kippers auf einer innerst„§dtischen baustelle.
Sample Pred : two construction workers help help a eines on a construction site.
Model Expc'd: two construction workers <unk> in the loading of a dump truck at an urban construction site .
Sample Act'l: two construction workers assist in the loading of a dump truck at an urban construction site.
E 11 ::: Average Loss 2.550 ::: Average BleuP1 31.155
Evaluation ....
Sample Inp't: ein rotes flugzeug fliegt „ºber einem boot und zieht dabei pinkfarbenen rauch hinter sich her.
Sample Pred : a red - haired plane flies over a boat while pulling his right behind him.
Model Expc'd: a red plane flying over a boat as it <unk> pink smoke .
Sample Act'l: a red plane flying over a boat as it trails pink smoke.
E 11 ::: Average Loss 2.533 ::: Average BleuP1 31.106
Evaluation ....
Sample Inp't: eine person in einem lilafarbenen oberteil malt ein bild von einer frau auf eine wei„üe wand.
Sample Pred : a person in a purple shirt is painting a picture of a woman on a white wall.
Model Expc'd: a person with a purple shirt is painting an image of a woman on a white wall .
Sample Act'l: a person with a purple shirt is painting an image of a woman on a white wall.
E 11 ::: Average Loss 2.514 ::: Average BleuP1 31.093
Evaluation ....
Sample Inp't: eine aufwendig kost„ºmierte figur vor einem pr„§chtig geschm„ºckten bauwerk.
Sample Pred : a kost„ºmierte kost„ºmierte figure figure in front of a bauwerk structure.
Model Expc'd: an elaborate <unk> figure is in front of a brightly decorated structure .
Sample Act'l: an elaborate costumed figure is in front of a brightly decorated structure.
E 12 ::: Average Loss 2.707 ::: Average BleuP1 31.123
Epoch   109: reducing learning rate of group 0 to 2.5419e-04.
Evaluation ....
Sample Inp't: eine frau in einem rotem mantel, die eine vermutlich aus asien stammende handtasche in einem blauen farbton h„§lt, springt f„ºr einen schnappschuss in die luft.
Sample Pred : a woman in a red coat, aus a aus from a handtasche handbag in the air, is jumping into a springt.
Model Expc'd: a lady in a red coat , holding a <unk> hand bag <unk> of asian descent , jumping off the ground for a <unk> .
Sample Act'l: a lady in a red coat, holding a bluish hand bag likely of asian descent, jumping off the ground for a snapshot.
E 12 ::: Average Loss 2.640 ::: Average BleuP1 30.903
Evaluation ....
Sample Inp't: ein sehr nasser brauner hund taucht aus dem wasser auf.
Sample Pred : a very wet brown dog is taucht out of the water.
Model Expc'd: a very wet brown dog is <unk> from the water .
Sample Act'l: a very wet brown dog is emerging from the water.
E 12 ::: Average Loss 2.595 ::: Average BleuP1 30.990
Evaluation ....
Sample Inp't: drei kleine hunde schn„ºffeln an etwas.
Sample Pred : three small dogs are etwas something.
Model Expc'd: three small dogs <unk> at something .
Sample Act'l: three small dogs sniff at something.
E 12 ::: Average Loss 2.575 ::: Average BleuP1 30.956
Evaluation ....
Sample Inp't: zwei m„§nner paddeln in einem kajak einen fluss mit gr„ºnen b„§umen auf beiden seiten entlang.
Sample Pred : two men are paddling a river with green trees on either side of the same time.
Model Expc'd: two man are paddling a kayak along a river with green trees on either side .
Sample Act'l: two man are paddling a kayak along a river with green trees on either side.
E 12 ::: Average Loss 2.558 ::: Average BleuP1 31.462
Evaluation ....
Sample Inp't: ein kleines kind steht allein auf einem zerkl„ºfteten felsen.
Sample Pred : a young child stands alone on a rock cliff.
Model Expc'd: a young child is standing alone on some <unk> rocks .
Sample Act'l: a young child is standing alone on some jagged rocks.
E 12 ::: Average Loss 2.584 ::: Average BleuP1 31.144
Evaluation ....
Sample Inp't: drei „§ltere frauen in einem weihnachtlich geschm„ºckten wohnzimmer, im zentrum der aufmerksamkeit steht ein vaio-notebook.
Sample Pred : three older women in a geschm„ºckten wohnzimmer room, wearing a geschm„ºckten wohnzimmer costume, standing in a public transportation.
Model Expc'd: three older women in a living room , decorated for christmas , a " <unk> " notebook is the center of attention .
Sample Act'l: three older women in a living room, decorated for christmas, a "vaio" notebook is the center of attention.
E 12 ::: Average Loss 2.490 ::: Average BleuP1 31.435
Epoch   115: reducing learning rate of group 0 to 2.2877e-04.
Evaluation ....
Sample Inp't: eine frau und ein kind sitzen zusammen in einem t„ºrrahmen an einem grauen gehweg, w„§hrend ein mann und zwei frauen vorbeigehen.
Sample Pred : a woman and child sit together on a gray sidewalk together, while a man and two women are walking by two women.
Model Expc'd: a woman and a child sit together in a door frame along a gray sidewalk , as a man and two women walk past .
Sample Act'l: a woman and a child sit together in a door frame along a gray sidewalk, as a man and two women walk past.
E 12 ::: Average Loss 2.450 ::: Average BleuP1 31.852
Evaluation ....
Sample Inp't: eine gruppe von menschen sammelt sich um einen mann in einem anzug und einen kleinen jungen.
Sample Pred : a group of people gather around a man in a suit and a young boy.
Model Expc'd: a group of people <unk> around a man in a suit and a little boy .
Sample Act'l: a group of people collect around a man in a suit and a little boy.
E 12 ::: Average Loss 2.713 ::: Average BleuP1 31.625
Evaluation ....
Sample Inp't: ein braun-wei„üer hund rennt eine gelb-blaue rampe hinunter.
Sample Pred : a brown and white dog runs down a rampe ramp.
Model Expc'd: a brown a white dog runs down a yellow and blue ramp .
Sample Act'l: a brown a white dog runs down a yellow and blue ramp.
E 13 ::: Average Loss 2.619 ::: Average BleuP1 31.557
Evaluation ....
Sample Inp't: bauarbeiter stehen auf einer maschine
Sample Pred : construction workers are standing on a machine.
Model Expc'd: construction workers standing on top of a piece of machinery .
Sample Act'l: construction workers standing on top of a piece of machinery.
E 13 ::: Average Loss 2.767 ::: Average BleuP1 31.541
Evaluation ....
Sample Inp't: ein „§lterer mann geht mit einem braunen hund an einer roten leine spazieren.
Sample Pred : an older man walks with a brown dog on a red leash.
Model Expc'd: an elderly man is walking a brown dog using a red leash .
Sample Act'l: an elderly man is walking a brown dog using a red leash.
E 13 ::: Average Loss 2.590 ::: Average BleuP1 31.528
Evaluation ....
Sample Inp't: eine junge frau und eine „§ltere frau in traditionellen saris spinnen textilien, w„§hrend drei weitere personen in moderner kleidung nur von der taille abw„§rts auf dem bild zu sehen sind.
Sample Pred : a young woman and older woman in traditional saris w„§hrend as the other people in kleidung nur nur nur from the auf on the picture.
Model Expc'd: a young woman and older woman wear traditional saris as they <unk> <unk> , three people are <unk> at only the <unk> , and wear modern clothes .
Sample Act'l: a young woman and older woman wear traditional saris as they spin textiles, three people are pictured at only the waists, and wear modern clothes.
E 13 ::: Average Loss 2.595 ::: Average BleuP1 31.787
Epoch   121: reducing learning rate of group 0 to 2.0589e-04.
Evaluation ....
Sample Inp't: zwei bauarbeiter helfen beim beladen eines kippers auf einer innerst„§dtischen baustelle.
Sample Pred : two construction workers help help a eines on a construction site.
Model Expc'd: two construction workers <unk> in the loading of a dump truck at an urban construction site .
Sample Act'l: two construction workers assist in the loading of a dump truck at an urban construction site.
E 13 ::: Average Loss 2.564 ::: Average BleuP1 31.424
Evaluation ....
Sample Inp't: drei kleine kinder stehen um ein blau-wei„ües fass herum.
Sample Pred : three young children are standing around a fass barrel.
Model Expc'd: three young children stand around a blue and white barrel .
Sample Act'l: three young children stand around a blue and white barrel.
E 13 ::: Average Loss 2.647 ::: Average BleuP1 31.370
Evaluation ....
Sample Inp't: ein mann mit sonnenbrille hilft einem kind mit sonnenbrille eine rutsche herunterzurutschen.
Sample Pred : a man with sunglasses is helping a child with sunglasses on a rutsche.
Model Expc'd: a man with sunglasses is helping a child with sunglasses slide down a slide .
Sample Act'l: a man with sunglasses is helping a child with sunglasses slide down a slide.
E 13 ::: Average Loss 2.526 ::: Average BleuP1 31.750
Evaluation ....
Sample Inp't: ein mann und eine frau „ºberqueren eine leere stra„üe.
Sample Pred : a man and woman are crossing a stra„üe street.
Model Expc'd: a man and woman walk across an empty street .
Sample Act'l: a man and woman walk across an empty street.
E 13 ::: Average Loss 2.572 ::: Average BleuP1 31.691
Evaluation ....
Sample Inp't: die frau mit einem schwarzen hut macht ein foto bei schneefall.
Sample Pred : the woman in a black hat is taking a picture at a bei.
Model Expc'd: the lady wearing a black hat is taking a picture while the <unk> .
Sample Act'l: the lady wearing a black hat is taking a picture while the snowfalls.
E 13 ::: Average Loss 2.660 ::: Average BleuP1 31.781
Evaluation ....
Sample Inp't: ein mann und eine frau fischen am strand.
Sample Pred : a man and a woman fish on the beach.
Model Expc'd: a man and woman fishing at the beach .
Sample Act'l: a man and woman fishing at the beach.
E 14 ::: Average Loss 2.584 ::: Average BleuP1 31.993
Epoch   127: reducing learning rate of group 0 to 1.8530e-04.
Evaluation ....
Sample Inp't: ein mann mit beginnender glatze, der eine rote rettungsweste tr„§gt, sitzt in einem kleinen boot.
Sample Pred : a man in a glatze hat, wearing a red beanie, sitting in a small boat.
Model Expc'd: a balding man wearing a red life jacket is sitting in a small boat .
Sample Act'l: a balding man wearing a red life jacket is sitting in a small boat.
E 14 ::: Average Loss 2.483 ::: Average BleuP1 31.611
Evaluation ....
Sample Inp't: ein mann sitzt mit einem bier in der hand auf einem stuhl und br„§t an einem holzstab etwas zu essen.
Sample Pred : a man sits with a beer in a hand while sitting at a chair and food item.
Model Expc'd: a man sitting on a chair with a beer in his hands <unk> something to eat on a wooden stick .
Sample Act'l: a man sitting on a chair with a beer in his hands roasting something to eat on a wooden stick.
E 14 ::: Average Loss 2.571 ::: Average BleuP1 31.234
Evaluation ....
Sample Inp't: eine blonde frau mit braunem cowboyhut macht eine obsz„∂ne geste in richtung der kamera.
Sample Pred : a blond woman in brown cowboy hat is making a geste richtung at the camera.
Model Expc'd: a blond women in a brown cowboy hat makes an <unk> gesture toward the camera .
Sample Act'l: a blond women in a brown cowboy hat makes an obscene gesture toward the camera.
E 14 ::: Average Loss 2.654 ::: Average BleuP1 31.987
Evaluation ....
Sample Inp't: ein mann mit goldfarbener kleidung steht neben seinem goldfarbenen fahrrad.
Sample Pred : a man with goldfarbener steht is standing next to his bike.
Model Expc'd: a man is wearing a gold outfit while standing with his gold bike .
Sample Act'l: a man is wearing a gold outfit while standing with his gold bike.
E 14 ::: Average Loss 2.523 ::: Average BleuP1 31.863
Evaluation ....
Sample Inp't: zwei m„§nner paddeln in einem kajak einen fluss mit gr„ºnen b„§umen auf beiden seiten entlang.
Sample Pred : two men are paddling down a river with green trees on either side of them.
Model Expc'd: two man are paddling a kayak along a river with green trees on either side .
Sample Act'l: two man are paddling a kayak along a river with green trees on either side.
E 14 ::: Average Loss 2.536 ::: Average BleuP1 32.011
Evaluation ....
Sample Inp't: zwei menschen klettern mit einem seil an einem felsen.
Sample Pred : two people are climbing a rope with a rope.
Model Expc'd: two people are climbing a rock wall with a rope .
Sample Act'l: two people are climbing a rock wall with a rope.
E 14 ::: Average Loss 2.526 ::: Average BleuP1 31.966
Epoch   133: reducing learning rate of group 0 to 1.6677e-04.
Evaluation ....
Sample Inp't: eine band gibt ein rockkonzert vor zuschauern in einer bar.
Sample Pred : a band is performing a ein in front of a crowd.
Model Expc'd: a band plays a rock show to a bar audience .
Sample Act'l: a band plays a rock show to a bar audience.
E 14 ::: Average Loss 2.565 ::: Average BleuP1 31.777
Evaluation ....
Sample Inp't: ein gro„üer brauner hund h„§lt sein gesicht in den rasensprenger.
Sample Pred : a large brown dog is holding his face in the den.
Model Expc'd: a large brown dog is sticking his face in the sprinkler .
Sample Act'l: a large brown dog is sticking his face in the sprinkler.
E 14 ::: Average Loss 2.614 ::: Average BleuP1 31.551
Evaluation ....
Sample Inp't: drei m„§dchen, von denen eines gerade trinkt, stehen in einer belebten stra„üe und schneiden grimassen.
Sample Pred : three girls, one of which are standing in a busy street, making faces faces.
Model Expc'd: three girls make faces as one takes a drink while they stand in a busy street .
Sample Act'l: three girls make faces as one takes a drink while they stand in a busy street.
E 15 ::: Average Loss 2.573 ::: Average BleuP1 31.320
Evaluation ....
Sample Inp't: eine frau l„§sst sich ein tattoo im gesicht machen, das aus schwarzen linien und glitter besteht.
Sample Pred : a woman is getting a tattoo in her face that is schwarzen by black und and besteht.
Model Expc'd: a female getting a face tattoo of black lines and <unk> .
Sample Act'l: a female getting a face tattoo of black lines and glitter.
E 15 ::: Average Loss 2.570 ::: Average BleuP1 31.715
Evaluation ....
Sample Inp't: eine person „ºberquert die stra„üe und meidet dabei die ausgelaufene farbe.
Sample Pred : a person is crossing the street and dabei the farbe of paint.
Model Expc'd: a person crosses the street and <unk> the <unk> of paint .
Sample Act'l: a person crosses the street and avoids the spill of paint.
E 15 ::: Average Loss 2.559 ::: Average BleuP1 31.582
Evaluation ....
Sample Inp't: ein mann mit beginnender glatze, der eine rote rettungsweste tr„§gt, sitzt in einem kleinen boot.
Sample Pred : a man in a beginnender hat is wearing a red sitzt jacket sitting in a small boat.
Model Expc'd: a balding man wearing a red life jacket is sitting in a small boat .
Sample Act'l: a balding man wearing a red life jacket is sitting in a small boat.
E 15 ::: Average Loss 2.555 ::: Average BleuP1 31.859
Epoch   139: reducing learning rate of group 0 to 1.5009e-04.
Evaluation ....
Sample Inp't: eine junge frau singt in ein mikrofon, w„§hrend ein mann hinter ihr eine gitarre h„§lt.
Sample Pred : a young woman is singing into a microphone while a man is behind her guitar.
Model Expc'd: a young woman stands singing at a microphone while a man behind her holds a guitar .
Sample Act'l: a young woman stands singing at a microphone while a man behind her holds a guitar.
E 15 ::: Average Loss 2.592 ::: Average BleuP1 31.990
Evaluation ....
Sample Inp't: eine frau in einem schwarzen kleid schiebt einen wagen mit thermoskannen einen gepflasterten fu„üg„§ngerweg entlang.
Sample Pred : a woman in a black dress pushing a cart with a thermoskannen gepflasterten down a paved cart.
Model Expc'd: a woman in a black dress is pushing a cart with <unk> down a paved walkway .
Sample Act'l: a woman in a black dress is pushing a cart with thermos down a paved walkway.
E 15 ::: Average Loss 2.519 ::: Average BleuP1 31.596
Evaluation ....
Sample Inp't: zwei menschen halten einen gro„üen umgekehrten globus mit einem durchmesser von ca. 120‚†cm und es wirkt so, als w„ºrde ein kind „ºber die antarktis springen.
Sample Pred : two people hold a large umgekehrten, es, as it is kind a springen kind to the w„ºrde.
Model Expc'd: two people are holding a large upside - down earth <unk> , about 4 ' in <unk> , and a child appears to be jumping over <unk> .
Sample Act'l: two people are holding a large upside-down earth globe, about 4' in diameter, and a child appears to be jumping over antarctica.
E 15 ::: Average Loss 2.548 ::: Average BleuP1 31.562
Evaluation ....
Sample Inp't: drei m„§dchen, von denen eines gerade trinkt, stehen in einer belebten stra„üe und schneiden grimassen.
Sample Pred : three girls, one of which has just hit, standing in a busy street.
Model Expc'd: three girls make faces as one takes a drink while they stand in a busy street .
Sample Act'l: three girls make faces as one takes a drink while they stand in a busy street.
E 15 ::: Average Loss 2.475 ::: Average BleuP1 31.428
Evaluation ....
Sample Inp't: ein schwarz gekleideter junge schl„§gt ein rad am strand.
Sample Pred : a boy in black is swinging a cartwheel on the beach.
Model Expc'd: a boy in black clothes is doing a cartwheel on the beach .
Sample Act'l: a boy in black clothes is doing a cartwheel on the beach.
E 15 ::: Average Loss 2.522 ::: Average BleuP1 31.690
Evaluation ....
Sample Inp't: kinder fahren in einem kettenkarussell
Sample Pred : children are riding in a einem.
Model Expc'd: kids are riding a swinging carnival ride
Sample Act'l: kids are riding a swinging carnival ride
E 16 ::: Average Loss 2.542 ::: Average BleuP1 31.668
Epoch   145: reducing learning rate of group 0 to 1.3509e-04.
Evaluation ....
Sample Inp't: mann steht auf einem pier neben einem boot an einem ruhigen see.
Sample Pred : man standing on a pier next to a boat on calm waters by a lake.
Model Expc'd: man standing on a pier next to a boat on a still lake .
Sample Act'l: man standing on a pier next to a boat on a still lake.
E 16 ::: Average Loss 2.535 ::: Average BleuP1 31.617
Evaluation ....
Sample Inp't: ein asiatisches m„§dchen mit gr„ºnem hut und sch„ºrze serviert getr„§nke auf einem tablett.
Sample Pred : an asian girl in a green hat and apron is buying on a tablett.
Model Expc'd: an asian girl in a green hat and apron is serving drinks on a tray .
Sample Act'l: an asian girl in a green hat and apron is serving drinks on a tray.
E 16 ::: Average Loss 2.499 ::: Average BleuP1 31.699
Evaluation ....
Sample Inp't: zwei pudel rennen durch den schnee.
Sample Pred : two pudel are running through the snow.
Model Expc'd: two <unk> are running through the snow .
Sample Act'l: two poodles are running through the snow.
E 16 ::: Average Loss 2.579 ::: Average BleuP1 31.846
Evaluation ....
Sample Inp't: ein mann in einem klettergurt klettert an einer felswand
Sample Pred : a man in a klettert suit is climbing a rock wall.
Model Expc'd: a man in a harness climbing a rock wall
Sample Act'l: a man in a harness climbing a rock wall
E 16 ::: Average Loss 2.485 ::: Average BleuP1 32.113
Evaluation ....
Sample Inp't: eine gruppe von kindern sitzt hinten in einem van und sieht sich ein buch an.
Sample Pred : a group of children sit in a einem chair at a book, while sitting at a book.
Model Expc'd: a group of kids sitting in the back of a van together looking at a book .
Sample Act'l: a group of kids sitting in the back of a van together looking at a book.
E 16 ::: Average Loss 2.470 ::: Average BleuP1 32.198
Evaluation ....
Sample Inp't: ein kleiner junge mit einem giants-trikot schwingt einen baseballschl„§ger in richtung eines ankommenden balls.
Sample Pred : a little boy with a baseball mitt swings a baseball bat towards a baseball field.
Model Expc'd: a young boy wearing a <unk> jersey swings a baseball bat at an <unk> pitch .
Sample Act'l: a young boy wearing a giants jersey swings a baseball bat at an incoming pitch.
E 16 ::: Average Loss 2.474 ::: Average BleuP1 31.875
Epoch   151: reducing learning rate of group 0 to 1.2158e-04.
Evaluation ....
Sample Inp't: ein braun-wei„üer hund rennt eine gelb-blaue rampe hinunter.
Sample Pred : a brown and white dog is running down a rampe ramp.
Model Expc'd: a brown a white dog runs down a yellow and blue ramp .
Sample Act'l: a brown a white dog runs down a yellow and blue ramp.
E 16 ::: Average Loss 2.483 ::: Average BleuP1 31.870
Evaluation ....
Sample Inp't: eine menschenmasse geht durch den park.
Sample Pred : a group of geht walking through the park.
Model Expc'd: a <unk> of people walk through the park .
Sample Act'l: a mass of people walk through the park.
E 16 ::: Average Loss 2.489 ::: Average BleuP1 31.600
Evaluation ....
Sample Inp't: ein kleines m„§dchen spendet an einer ladenfront mit wei„üen plastikbeh„§ltern f„ºr die heilsarmee.
Sample Pred : a little girl spendet a mit with white f„ºr for the f„ºr.
Model Expc'd: a little girl <unk> to the <unk> army near a storefront with white , plastic <unk> .
Sample Act'l: a little girl donates to the salvation army near a storefront with white, plastic containers.
E 17 ::: Average Loss 2.591 ::: Average BleuP1 31.747
Evaluation ....
Sample Inp't: ein mann mit einem rock h„ºpft und jongliert dabei mit messern.
Sample Pred : a man with a skirt is walking and juggling pins with messern.
Model Expc'd: a man in a skirt is jumping while juggling <unk> .
Sample Act'l: a man in a skirt is jumping while juggling knives.
E 17 ::: Average Loss 2.694 ::: Average BleuP1 31.761
Evaluation ....
Sample Inp't: ein junges m„§dchen l„§uft allein durch einen park.
Sample Pred : a young girl runs through a park.
Model Expc'd: a young girl running by herself in a park .
Sample Act'l: a young girl running by herself in a park.
E 17 ::: Average Loss 2.523 ::: Average BleuP1 32.182
Evaluation ....
Sample Inp't: ein mann und eine frau fischen am strand.
Sample Pred : a man and a woman fish on the beach.
Model Expc'd: a man and woman fishing at the beach .
Sample Act'l: a man and woman fishing at the beach.
E 17 ::: Average Loss 2.463 ::: Average BleuP1 31.662
Epoch   157: reducing learning rate of group 0 to 1.0942e-04.
Evaluation ....
Sample Inp't: ein braun gekleideter mann h„§lt ein lichtschwert.
Sample Pred : a man in brown is holding a ein.
Model Expc'd: a man dressed in brown holding a light <unk> .
Sample Act'l: a man dressed in brown holding a light saber.
E 17 ::: Average Loss 2.547 ::: Average BleuP1 31.614
Evaluation ....
Sample Inp't: ein hei„üluftballon landet mit dem schatten eines mannes im hintergrund.
Sample Pred : a hot air balloon with the shade of a man in the background.
Model Expc'd: a hot air balloon touching down with a man 's shadow in the background .
Sample Act'l: a hot air balloon touching down with a man's shadow in the background.
E 17 ::: Average Loss 2.543 ::: Average BleuP1 31.944
Evaluation ....
Sample Inp't: eine gruppe von kindern spielt im wasser unter einer br„ºcke.
Sample Pred : a group of children playing in the water under a bridge.
Model Expc'd: a group of children play in the water under a bridge .
Sample Act'l: a group of children play in the water under a bridge.
E 17 ::: Average Loss 2.507 ::: Average BleuP1 31.959
Evaluation ....
Sample Inp't: ein mann mit beginnender glatze, der eine rote rettungsweste tr„§gt, sitzt in einem kleinen boot.
Sample Pred : a man in a glatze glatze hat is wearing a small red boat sitting in a small boat.
Model Expc'd: a balding man wearing a red life jacket is sitting in a small boat .
Sample Act'l: a balding man wearing a red life jacket is sitting in a small boat.
E 17 ::: Average Loss 2.542 ::: Average BleuP1 32.003
Evaluation ....
Sample Inp't: ein brauner hund rennt dem schwarzen hund hinterher.
Sample Pred : a brown dog runs through the black dog.
Model Expc'd: a brown dog is running after the black dog .
Sample Act'l: a brown dog is running after the black dog.
E 17 ::: Average Loss 2.496 ::: Average BleuP1 31.805
Evaluation ....
Sample Inp't: zwei m„§nner ringen auf einem gelb-blauen boden.
Sample Pred : two men wrestle on a boden floor.
Model Expc'd: two man are wrestling on a yellow and blue floor .
Sample Act'l: two man are wrestling on a yellow and blue floor.
E 18 ::: Average Loss 2.496 ::: Average BleuP1 31.770
Epoch   163: reducing learning rate of group 0 to 9.8477e-05.
Evaluation ....
Sample Inp't: eine gruppe von kindern sitzt hinten in einem van und sieht sich ein buch an.
Sample Pred : a group of children sit in a hinten chair at a book, while sitting at a book.
Model Expc'd: a group of kids sitting in the back of a van together looking at a book .
Sample Act'l: a group of kids sitting in the back of a van together looking at a book.
E 18 ::: Average Loss 2.577 ::: Average BleuP1 31.476
Evaluation ....
Sample Inp't: eine person rudert in ihrem boot im wasser.
Sample Pred : a person rowing in the water in the water.
Model Expc'd: a person rowing in their boat in the water .
Sample Act'l: a person rowing in their boat in the water.
E 18 ::: Average Loss 2.549 ::: Average BleuP1 31.901
Evaluation ....
Sample Inp't: junge erwachsene in einer geraden linie, die rote, gelbe und schwarze t-shirts tragen, f„ºhren einen sketch auf.
Sample Pred : young adults wearing a linie line, red, yellow, and black t - shirt, performing a einen.
Model Expc'd: young adults wearing red , yellow , and black shirts in a straight line perform a <unk> .
Sample Act'l: young adults wearing red, yellow, and black shirts in a straight line perform a sketch.
E 18 ::: Average Loss 2.467 ::: Average BleuP1 31.813
Evaluation ....
Sample Inp't: ein kleines kind isst obst und trinkt ein glas saft.
Sample Pred : a young child eating ice cream and glass glass glass glass glass.
Model Expc'd: a small child eating fruit and drinking a glass of juice .
Sample Act'l: a small child eating fruit and drinking a glass of juice.
E 18 ::: Average Loss 2.479 ::: Average BleuP1 31.565
Evaluation ....
Sample Inp't: ein braun-wei„üer hund rennt eine gelb-blaue rampe hinunter.
Sample Pred : a brown and white dog runs down a rampe ramp.
Model Expc'd: a brown a white dog runs down a yellow and blue ramp .
Sample Act'l: a brown a white dog runs down a yellow and blue ramp.
E 18 ::: Average Loss 2.502 ::: Average BleuP1 31.566
Evaluation ....
Sample Inp't: drei hunde spielen im schnee.
Sample Pred : three dogs play in the snow.
Model Expc'd: three dogs playing in the snow .
Sample Act'l: three dogs playing in the snow.
E 18 ::: Average Loss 2.601 ::: Average BleuP1 31.908
Epoch   169: reducing learning rate of group 0 to 8.8629e-05.
Evaluation ....
Sample Inp't: eine junge frau fertigt im regenwald teppiche an
Sample Pred : a young woman fertigt in the im teppiche.
Model Expc'd: a young woman is making rugs in the rain forest
Sample Act'l: a young woman is making rugs in the rain forest
E 18 ::: Average Loss 2.629 ::: Average BleuP1 31.909
Evaluation ....
Sample Inp't: ein halbnackter mann schl„§ft drau„üen auf seinem stuhl.
Sample Pred : a man sleeping sleeping on his chair.
Model Expc'd: a half naked man is sleeping on his chair outdoors .
Sample Act'l: a half naked man is sleeping on his chair outdoors.
E 18 ::: Average Loss 2.476 ::: Average BleuP1 32.158
Evaluation ....
Sample Inp't: ein mann schl„§ft in einem gr„ºnen raum auf einem sofa.
Sample Pred : a man sleeping in a green room on a couch.
Model Expc'd: a man sleeping in a green room on a couch .
Sample Act'l: a man sleeping in a green room on a couch.
E 19 ::: Average Loss 2.494 ::: Average BleuP1 32.050
Evaluation ....
Sample Inp't: ein mann macht handzeichen neben zwei jungen m„§dchen.
Sample Pred : a man is handzeichen neben beside two young girls.
Model Expc'd: one man is making hand <unk> next to two young girls .
Sample Act'l: one man is making hand signals next to two young girls.
E 19 ::: Average Loss 2.445 ::: Average BleuP1 31.798
Evaluation ....
Sample Inp't: ein kleiner junge mit einem giants-trikot schwingt einen baseballschl„§ger in richtung eines ankommenden balls.
Sample Pred : a little boy wearing a baseball mitt swings a baseball bat towards a baseball field.
Model Expc'd: a young boy wearing a <unk> jersey swings a baseball bat at an <unk> pitch .
Sample Act'l: a young boy wearing a giants jersey swings a baseball bat at an incoming pitch.
E 19 ::: Average Loss 2.528 ::: Average BleuP1 32.167
Evaluation ....
Sample Inp't: eine frau spielt ein lied auf ihrer geige.
Sample Pred : a woman is playing a song on her violin.
Model Expc'd: a female playing a song on her violin .
Sample Act'l: a female playing a song on her violin.
E 19 ::: Average Loss 2.492 ::: Average BleuP1 32.110
Epoch   175: reducing learning rate of group 0 to 7.9766e-05.
Evaluation ....
Sample Inp't: eine band spielt bei einem konzert musik auf einer b„ºhne.
Sample Pred : a band playing music on stage in concert concert.
Model Expc'd: a band is playing music on stage at a concert .
Sample Act'l: a band is playing music on stage at a concert.
E 19 ::: Average Loss 2.531 ::: Average BleuP1 31.866
Evaluation ....
Sample Inp't: eine frau l„§chelt neben einem mann, der ebenfalls l„§chelt und eine zuckerwatte h„§lt.
Sample Pred : a woman smiling next to a man holding a smiling and holding a zuckerwatte.
Model Expc'd: a woman is smiling next to man who is also smiling while holding cotton candy cone .
Sample Act'l: a woman is smiling next to man who is also smiling while holding cotton candy cone.
E 19 ::: Average Loss 2.443 ::: Average BleuP1 32.042
Evaluation ....
Sample Inp't: ein junges m„§dchen l„§uft allein durch einen park.
Sample Pred : a young girl runs through a park.
Model Expc'd: a young girl running by herself in a park .
Sample Act'l: a young girl running by herself in a park.
E 19 ::: Average Loss 2.460 ::: Average BleuP1 32.312
Evaluation ....
Sample Inp't: eine band gibt ein rockkonzert vor zuschauern in einer bar.
Sample Pred : a band is performing a ein in front of a crowd.
Model Expc'd: a band plays a rock show to a bar audience .
Sample Act'l: a band plays a rock show to a bar audience.
E 19 ::: Average Loss 2.473 ::: Average BleuP1 31.984
Evaluation ....
Sample Inp't: ein einzelner feuerwehrmann hilft bei der bek„§mpfung eines gro„üen brandes.
Sample Pred : a lone fireman helping the eines of a large bei.
Model Expc'd: a lone firefighter helps <unk> a large fire .
Sample Act'l: a lone firefighter helps tame a large fire.
E 19 ::: Average Loss 2.548 ::: Average BleuP1 31.869
Loading the best validated model with validation bleu score of 32.312
Evaluation ....
Sample Inp't: ein mann in feuerwehrkleidung „ºberquert die stra„üe bei einem wei„üen bus und einem roten sattelschlepper.
Sample Pred : a man in business attire is crossing the street during a white bus and red sattelschlepper.
Model Expc'd: there is a man in fireman 's gear crossing the road near a white bus and a red semi .
Sample Act'l: there is a man in fireman's gear crossing the road near a white bus and a red semi.
E LAST ::: Average Loss 2.460 ::: Average BleuP1 32.312
